<?xml version="1.0" encoding="UTF-8" ?>
<testsuite failures="0" time="6.458" errors="0" skipped="0" tests="122" name="org.apache.maven.project.PomConstructionTest">
  <properties>
[...]
</properties>
  <testcase time="0.047" classname="org.apache.maven.project.PomConstructionTest" name="testEmptyUrl"/>
  <testcase time="0.063" classname="org.apache.maven.project.PomConstructionTest" name="testProfileModules"/>
  <testcase time="0.046" classname="org.apache.maven.project.PomConstructionTest" name="testParentInheritance"/>
  <testcase time="0.063" classname="org.apache.maven.project.PomConstructionTest" name="testExecutionConfigurationJoin"/>
  <testcase time="0.109" classname="org.apache.maven.project.PomConstructionTest" name="testPluginConfigProperties"/>
  <testcase time="0.062" classname="org.apache.maven.project.PomConstructionTest" name="testProfilePropertiesInterpolation"/>
  <testcase time="0.063" classname="org.apache.maven.project.PomConstructionTest" name="testThatExecutionsWithoutIdsAreMergedAndTheChildWins"/>
  <testcase time="0.047" classname="org.apache.maven.project.PomConstructionTest" name="testDuplicateExclusionsDependency"/>
  <testcase time="0.062" classname="org.apache.maven.project.PomConstructionTest" name="testMultipleFilters"/>
  <testcase time="0.062" classname="org.apache.maven.project.PomConstructionTest" name="testDuplicateDependenciesCauseLastDeclarationToBePickedInLenientMode"/>
  <testcase time="0.063" classname="org.apache.maven.project.PomConstructionTest" name="testParentInterpolation"/>
  <testcase time="0.047" classname="org.apache.maven.project.PomConstructionTest" name="testPluginManagementInherited"/>
  <testcase time="0.046" classname="org.apache.maven.project.PomConstructionTest" name="testPluginManagementDependencies"/>
  <testcase time="0.063" classname="org.apache.maven.project.PomConstructionTest" name="testReportingInterpolation"/>
  <testcase time="0.047" classname="org.apache.maven.project.PomConstructionTest" name="testPluginOrder"/>
  <testcase time="0.046" classname="org.apache.maven.project.PomConstructionTest" name="testErroneousJoiningOfDifferentPluginsWithEqualDependencies"/>
  <testcase time="0.063" classname="org.apache.maven.project.PomConstructionTest" name="testErroneousJoiningOfDifferentPluginsWithEqualExecutionIds"/>
  <testcase time="0.047" classname="org.apache.maven.project.PomConstructionTest" name="testExecutionConfiguration"/>
  <testcase time="0.046" classname="org.apache.maven.project.PomConstructionTest" name="testSingleConfigurationInheritance"/>
  <testcase time="0.047" classname="org.apache.maven.project.PomConstructionTest" name="testConfigWithPluginManagement"/>
  <testcase time="0.047" classname="org.apache.maven.project.PomConstructionTest" name="testExecutionConfigurationSubcollections"/>
  <testcase time="0.062" classname="org.apache.maven.project.PomConstructionTest" name="testMultipleRepositories"/>
  <testcase time="0.047" classname="org.apache.maven.project.PomConstructionTest" name="testMultipleExecutionIds"/>
  <testcase time="0.047" classname="org.apache.maven.project.PomConstructionTest" name="testConsecutiveEmptyElements"/>
  <testcase time="0.047" classname="org.apache.maven.project.PomConstructionTest" name="testOrderOfGoalsFromPluginExecutionWithoutPluginManagement"/>
  <testcase time="0.047" classname="org.apache.maven.project.PomConstructionTest" name="testOrderOfGoalsFromPluginExecutionWithPluginManagement"/>
  <testcase time="0.046" classname="org.apache.maven.project.PomConstructionTest" name="testOrderOfPluginExecutionsWithoutPluginManagement"/>
  <testcase time="0.063" classname="org.apache.maven.project.PomConstructionTest" name="testOrderOfPluginExecutionsWithPluginManagement"/>
  <testcase time="0.047" classname="org.apache.maven.project.PomConstructionTest" name="testMergeOfPluginExecutionsWhenChildInheritsPluginVersion"/>
  <testcase time="0.046" classname="org.apache.maven.project.PomConstructionTest" name="testMergeOfPluginExecutionsWhenChildAndParentUseDifferentPluginVersions"/>
  <testcase time="0.063" classname="org.apache.maven.project.PomConstructionTest" name="testInterpolationWithXmlMarkup"/>
  <testcase time="0.047" classname="org.apache.maven.project.PomConstructionTest" name="testOrderOfMergedPluginExecutionsWithoutPluginManagement"/>
  <testcase time="0.062" classname="org.apache.maven.project.PomConstructionTest" name="testOrderOfMergedPluginExecutionsWithPluginManagement"/>
  <testcase time="0.047" classname="org.apache.maven.project.PomConstructionTest" name="testDifferentContainersWithSameId"/>
  <testcase time="0.062" classname="org.apache.maven.project.PomConstructionTest" name="testOrderOfMergedPluginExecutionGoalsWithoutPluginManagement"/>
  <testcase time="0.047" classname="org.apache.maven.project.PomConstructionTest" name="testOrderOfMergedPluginExecutionGoalsWithPluginManagement"/>
  <testcase time="0.062" classname="org.apache.maven.project.PomConstructionTest" name="testOverridingOfInheritedPluginExecutionsWithoutPluginManagement"/>
  <testcase time="0.047" classname="org.apache.maven.project.PomConstructionTest" name="testOverridingOfInheritedPluginExecutionsWithPluginManagement"/>
  <testcase time="0.047" classname="org.apache.maven.project.PomConstructionTest" name="testOrderOfMergedPluginDependenciesWithoutPluginManagement"/>
  <testcase time="0.062" classname="org.apache.maven.project.PomConstructionTest" name="testOrderOfMergedPluginDependenciesWithPluginManagement"/>
  <testcase time="0.047" classname="org.apache.maven.project.PomConstructionTest" name="testInterpolationOfNestedBuildDirectories"/>
  <testcase time="0.047" classname="org.apache.maven.project.PomConstructionTest" name="testAppendArtifactIdOfChildToInheritedUrls"/>
  <testcase time="0.046" classname="org.apache.maven.project.PomConstructionTest" name="testAppendArtifactIdOfParentAndChildToInheritedUrls"/>
  <testcase time="0.047" classname="org.apache.maven.project.PomConstructionTest" name="testNonInheritedElementsInSubtreesOverriddenByChild"/>
  <testcase time="0.047" classname="org.apache.maven.project.PomConstructionTest" name="testXmlTextCoalescing"/>
  <testcase time="0.062" classname="org.apache.maven.project.PomConstructionTest" name="testFullInterpolationOfNestedExpressions"/>
  <testcase time="0.047" classname="org.apache.maven.project.PomConstructionTest" name="testInterpolationOfLegacyExpressionsThatDontIncludeTheProjectPrefix"/>
  <testcase time="0.063" classname="org.apache.maven.project.PomConstructionTest" name="testInterpolationWithBasedirAlignedDirectories"/>
  <testcase time="0.046" classname="org.apache.maven.project.PomConstructionTest" name="testInterpolationOfBasedirInPomWithUnusualName"/>
  <testcase time="0.063" classname="org.apache.maven.project.PomConstructionTest" name="testJoiningOfContainersWhenChildHasEmptyElements"/>
  <testcase time="0.062" classname="org.apache.maven.project.PomConstructionTest" name="testOrderOfPluginConfigurationElementsWithoutPluginManagement"/>
  <testcase time="0.047" classname="org.apache.maven.project.PomConstructionTest" name="testOrderOfPluginConfigurationElementsWithPluginManagement"/>
  <testcase time="0.047" classname="org.apache.maven.project.PomConstructionTest" name="testOrderOfPluginExecutionConfigurationElementsWithoutPluginManagement"/>
  <testcase time="0.062" classname="org.apache.maven.project.PomConstructionTest" name="testOrderOfPluginExecutionConfigurationElementsWithPluginManagement"/>
  <testcase time="0.047" classname="org.apache.maven.project.PomConstructionTest" name="testMergeOfInheritedPluginConfiguration"/>
  <testcase time="0.047" classname="org.apache.maven.project.PomConstructionTest" name="testAppendOfInheritedPluginConfigurationWithNoProfile"/>
  <testcase time="0.062" classname="org.apache.maven.project.PomConstructionTest" name="testAppendOfInheritedPluginConfigurationWithActiveProfile"/>
  <testcase time="0.047" classname="org.apache.maven.project.PomConstructionTest" name="testMultiplePluginExecutionsWithAndWithoutIdsWithoutPluginManagement"/>
  <testcase time="0.047" classname="org.apache.maven.project.PomConstructionTest" name="testMultiplePluginExecutionsWithAndWithoutIdsWithPluginManagement"/>
  <testcase time="0.047" classname="org.apache.maven.project.PomConstructionTest" name="testDependencyOrderWithoutPluginManagement"/>
  <testcase time="0.046" classname="org.apache.maven.project.PomConstructionTest" name="testDependencyOrderWithPluginManagement"/>
  <testcase time="0.063" classname="org.apache.maven.project.PomConstructionTest" name="testBuildDirectoriesUsePlatformSpecificFileSeparator"/>
  <testcase time="0.047" classname="org.apache.maven.project.PomConstructionTest" name="testMergedFilterOrder"/>
  <testcase time="0.046" classname="org.apache.maven.project.PomConstructionTest" name="testProfileInjectedDependencies"/>
  <testcase time="0.047" classname="org.apache.maven.project.PomConstructionTest" name="testProfileDependenciesMultipleProfiles"/>
  <testcase time="0.063" classname="org.apache.maven.project.PomConstructionTest" name="testDependencyInheritance"/>
  <testcase time="0.046" classname="org.apache.maven.project.PomConstructionTest" name="testManagedProfileDependency"/>
  <testcase time="0.063" classname="org.apache.maven.project.PomConstructionTest" name="testProfileModuleInheritance"/>
  <testcase time="0.047" classname="org.apache.maven.project.PomConstructionTest" name="testUncPath"/>
  <testcase time="0.046" classname="org.apache.maven.project.PomConstructionTest" name="testUrlAppendWithChildPathAdjustment"/>
  <testcase time="0.063" classname="org.apache.maven.project.PomConstructionTest" name="testRepoInheritance"/>
  <testcase time="0.047" classname="org.apache.maven.project.PomConstructionTest" name="testEmptyScm"/>
  <testcase time="0.046" classname="org.apache.maven.project.PomConstructionTest" name="testPluginConfigurationUsingAttributesWithoutPluginManagement"/>
  <testcase time="0.047" classname="org.apache.maven.project.PomConstructionTest" name="testPluginConfigurationUsingAttributesWithPluginManagement"/>
  <testcase time="0.063" classname="org.apache.maven.project.PomConstructionTest" name="testPluginConfigurationUsingAttributesWithPluginManagementAndProfile"/>
  <testcase time="0.046" classname="org.apache.maven.project.PomConstructionTest" name="testPomEncoding"/>
  <testcase time="0.047" classname="org.apache.maven.project.PomConstructionTest" name="testXmlWhitespaceHandling"/>
  <testcase time="0.047" classname="org.apache.maven.project.PomConstructionTest" name="testInterpolationOfBaseUrl"/>
  <testcase time="0.062" classname="org.apache.maven.project.PomConstructionTest" name="testReportingPluginConfig"/>
  <testcase time="0.047" classname="org.apache.maven.project.PomConstructionTest" name="testPropertiesNoDuplication"/>
  <testcase time="0.047" classname="org.apache.maven.project.PomConstructionTest" name="testPomInheritance"/>
  <testcase time="0.078" classname="org.apache.maven.project.PomConstructionTest" name="testCompleteModelWithoutParent"/>
  <testcase time="0.062" classname="org.apache.maven.project.PomConstructionTest" name="testCompleteModelWithParent"/>
  <testcase time="0.047" classname="org.apache.maven.project.PomConstructionTest" name="testProfileInjectionOrder"/>
  <testcase time="0.047" classname="org.apache.maven.project.PomConstructionTest" name="testPropertiesInheritance"/>
  <testcase time="0.047" classname="org.apache.maven.project.PomConstructionTest" name="testInheritedPropertiesInterpolatedWithValuesFromChildWithoutProfiles"/>
  <testcase time="0.062" classname="org.apache.maven.project.PomConstructionTest" name="testInheritedPropertiesInterpolatedWithValuesFromChildWithActiveProfiles"/>
  <testcase time="0.047" classname="org.apache.maven.project.PomConstructionTest" name="testProfileDefaultActivation"/>
  <testcase time="0.047" classname="org.apache.maven.project.PomConstructionTest" name="testBooleanInterpolation"/>
  <testcase time="0.062" classname="org.apache.maven.project.PomConstructionTest" name="testBuildExtensionInheritance"/>
  <testcase time="0.047" classname="org.apache.maven.project.PomConstructionTest" name="testJdkActivation"/>
  <testcase time="0.047" classname="org.apache.maven.project.PomConstructionTest" name="testProfilePluginMngDependencies"/>
  <testcase time="0.047" classname="org.apache.maven.project.PomConstructionTest" name="testPercentEncodedUrlsMustNotBeDecoded"/>
  <testcase time="0.046" classname="org.apache.maven.project.PomConstructionTest" name="testPluginManagementInheritance"/>
  <testcase time="0.094" classname="org.apache.maven.project.PomConstructionTest" name="testProfilePlugins"/>
  <testcase time="0.062" classname="org.apache.maven.project.PomConstructionTest" name="testPluginInheritanceSimple"/>
  <testcase time="0.047" classname="org.apache.maven.project.PomConstructionTest" name="testPluginManagementDuplicate"/>
  <testcase time="0.047" classname="org.apache.maven.project.PomConstructionTest" name="testDistributionManagement"/>
  <testcase time="0.047" classname="org.apache.maven.project.PomConstructionTest" name="testDependencyScopeInheritance"/>
  <testcase time="0.047" classname="org.apache.maven.project.PomConstructionTest" name="testDependencyScope"/>
  <testcase time="0.062" classname="org.apache.maven.project.PomConstructionTest" name="testDependencyManagementWithInterpolation"/>
  <testcase time="0.047" classname="org.apache.maven.project.PomConstructionTest" name="testInterpolationWithSystemProperty"/>
  <testcase time="0.047" classname="org.apache.maven.project.PomConstructionTest" name="testPluginExecutionInheritanceWhenChildDoesNotDeclarePlugin"/>
  <testcase time="0.062" classname="org.apache.maven.project.PomConstructionTest" name="testPluginExecutionInheritanceWhenChildDoesDeclarePluginAsWell"/>
  <testcase time="0.047" classname="org.apache.maven.project.PomConstructionTest" name="testValidationErrorUponNonUniqueArtifactRepositoryId"/>
  <testcase time="0.047" classname="org.apache.maven.project.PomConstructionTest" name="testValidationErrorUponNonUniquePluginRepositoryId"/>
  <testcase time="0.046" classname="org.apache.maven.project.PomConstructionTest" name="testValidationErrorUponNonUniqueArtifactRepositoryIdInProfile"/>
  <testcase time="0.047" classname="org.apache.maven.project.PomConstructionTest" name="testValidationErrorUponNonUniquePluginRepositoryIdInProfile"/>
  <testcase time="0.063" classname="org.apache.maven.project.PomConstructionTest" name="testPrerequisitesAreNotInherited"/>
  <testcase time="0.046" classname="org.apache.maven.project.PomConstructionTest" name="testLicensesAreInheritedButNotAggregated"/>
  <testcase time="0.047" classname="org.apache.maven.project.PomConstructionTest" name="testDevelopersAreInheritedButNotAggregated"/>
  <testcase time="0.047" classname="org.apache.maven.project.PomConstructionTest" name="testContributorsAreInheritedButNotAggregated"/>
  <testcase time="0.047" classname="org.apache.maven.project.PomConstructionTest" name="testMailingListsAreInheritedButNotAggregated"/>
  <testcase time="0.047" classname="org.apache.maven.project.PomConstructionTest" name="testPluginInheritanceOrder"/>
  <testcase time="0.046" classname="org.apache.maven.project.PomConstructionTest" name="testCliPropsDominateProjectPropsDuringInterpolation"/>
  <testcase time="0.047" classname="org.apache.maven.project.PomConstructionTest" name="testParentPomPackagingMustBePom"/>
  <testcase time="0.047" classname="org.apache.maven.project.PomConstructionTest" name="testManagedPluginConfigurationAppliesToImplicitPluginsIntroducedByPackaging"/>
  <testcase time="0.047" classname="org.apache.maven.project.PomConstructionTest" name="testDefaultPluginsExecutionContributedByPackagingExecuteBeforeUserDefinedExecutions"/>
  <testcase time="0.062" classname="org.apache.maven.project.PomConstructionTest" name="testPluginDeclarationsRetainPomOrderAfterInjectionOfDefaultPlugins"/>
  <testcase time="0.047" classname="org.apache.maven.project.PomConstructionTest" name="testPluginOrderAfterMergingWithInheritedPlugins"/>
  <testcase time="0.047" classname="org.apache.maven.project.PomConstructionTest" name="testPluginOrderAfterMergingWithInjectedPlugins"/>
  <testcase time="0.062" classname="org.apache.maven.project.PomConstructionTest" name="testProjectArtifactIdIsNotInheritedButMandatory"/>
</testsuite>