<?xml version="1.0" encoding="UTF-8" ?>
<testsuite failures="0" time="0" errors="0" skipped="0" tests="4" name="org.apache.maven.model.ReportSetTest">
  <properties>
[...]
</properties>
  <testcase time="0" classname="org.apache.maven.model.ReportSetTest" name="testHashCodeNullSafe"/>
  <testcase time="0" classname="org.apache.maven.model.ReportSetTest" name="testEqualsNullSafe"/>
  <testcase time="0" classname="org.apache.maven.model.ReportSetTest" name="testEqualsIdentity"/>
  <testcase time="0" classname="org.apache.maven.model.ReportSetTest" name="testToStringNullSafe"/>
</testsuite>