<?xml version="1.0" encoding="UTF-8" ?>
<testsuite failures="0" time="0.187" errors="0" skipped="0" tests="2" name="org.apache.maven.project.inheritance.t09.ProjectInheritanceTest">
  <properties>
[...]
</properties>
  <testcase time="0.094" classname="org.apache.maven.project.inheritance.t09.ProjectInheritanceTest" name="testDependencyManagementExclusionsExcludeTransitively"/>
  <testcase time="0.093" classname="org.apache.maven.project.inheritance.t09.ProjectInheritanceTest" name="testDependencyManagementExclusionDoesNotOverrideGloballyForTransitives"/>
</testsuite>